e:\c++ learn\712qt点云显示\ki win32 pcl1.8_0125tcp udp\ki\release\vc120.pdb
e:\c++ learn\712qt点云显示\ki win32 pcl1.8_0125tcp udp\ki\release\workthreadbroadcast.obj
e:\c++ learn\712qt点云显示\ki win32 pcl1.8_0125tcp udp\ki\release\workthread.obj
e:\c++ learn\712qt点云显示\ki win32 pcl1.8_0125tcp udp\ki\release\pclfunc.obj
e:\c++ learn\712qt点云显示\ki win32 pcl1.8_0125tcp udp\ki\release\main.obj
e:\c++ learn\712qt点云显示\ki win32 pcl1.8_0125tcp udp\ki\release\ki.obj
e:\c++ learn\712qt点云显示\ki win32 pcl1.8_0125tcp udp\ki\release\moc_workthreadbroadcast.obj
e:\c++ learn\712qt点云显示\ki win32 pcl1.8_0125tcp udp\ki\release\moc_workthread.obj
e:\c++ learn\712qt点云显示\ki win32 pcl1.8_0125tcp udp\ki\release\moc_ki.obj
e:\c++ learn\712qt点云显示\ki win32 pcl1.8_0125tcp udp\ki\release\moc_datadealfunc.obj
e:\c++ learn\712qt点云显示\ki win32 pcl1.8_0125tcp udp\ki\release\datadealfunc.obj
e:\c++ learn\712qt点云显示\ki win32 pcl1.8_0125tcp udp\ki\release\qrc_ki.obj
e:\c++ learn\712qt点云显示\ki win32 pcl1.8_0125tcp udp\ki\generatedfiles\release\moc_ki.cpp
e:\c++ learn\712qt点云显示\ki win32 pcl1.8_0125tcp udp\ki\generatedfiles\ui_ki.h
e:\c++ learn\712qt点云显示\ki win32 pcl1.8_0125tcp udp\ki\generatedfiles\release\moc_workthreadbroadcast.cpp
e:\c++ learn\712qt点云显示\ki win32 pcl1.8_0125tcp udp\ki\generatedfiles\release\moc_workthread.cpp
e:\c++ learn\712qt点云显示\ki win32 pcl1.8_0125tcp udp\ki\generatedfiles\release\moc_datadealfunc.cpp
e:\c++ learn\712qt点云显示\ki win32 pcl1.8_0125tcp udp\ki\generatedfiles\qrc_ki.cpp
e:\c++ learn\712qt点云显示\ki win32 pcl1.8_0125tcp udp\win32\release\ki.ilk
e:\c++ learn\712qt点云显示\ki win32 pcl1.8_0125tcp udp\win32\release\ki.exe
e:\c++ learn\712qt点云显示\ki win32 pcl1.8_0125tcp udp\win32\release\ki.pdb
e:\c++ learn\712qt点云显示\ki win32 pcl1.8_0125tcp udp\ki\release\myapp.res
e:\c++ learn\712qt点云显示\ki win32 pcl1.8_0125tcp udp\ki\release\ki.tlog\cl.command.1.tlog
e:\c++ learn\712qt点云显示\ki win32 pcl1.8_0125tcp udp\ki\release\ki.tlog\cl.read.1.tlog
e:\c++ learn\712qt点云显示\ki win32 pcl1.8_0125tcp udp\ki\release\ki.tlog\cl.write.1.tlog
e:\c++ learn\712qt点云显示\ki win32 pcl1.8_0125tcp udp\ki\release\ki.tlog\custombuild.command.1.tlog
e:\c++ learn\712qt点云显示\ki win32 pcl1.8_0125tcp udp\ki\release\ki.tlog\custombuild.read.1.tlog
e:\c++ learn\712qt点云显示\ki win32 pcl1.8_0125tcp udp\ki\release\ki.tlog\custombuild.write.1.tlog
e:\c++ learn\712qt点云显示\ki win32 pcl1.8_0125tcp udp\ki\release\ki.tlog\link.command.1.tlog
e:\c++ learn\712qt点云显示\ki win32 pcl1.8_0125tcp udp\ki\release\ki.tlog\link.read.1.tlog
e:\c++ learn\712qt点云显示\ki win32 pcl1.8_0125tcp udp\ki\release\ki.tlog\link.write.1.tlog
e:\c++ learn\712qt点云显示\ki win32 pcl1.8_0125tcp udp\ki\release\ki.tlog\rc.command.1.tlog
e:\c++ learn\712qt点云显示\ki win32 pcl1.8_0125tcp udp\ki\release\ki.tlog\rc.read.1.tlog
e:\c++ learn\712qt点云显示\ki win32 pcl1.8_0125tcp udp\ki\release\ki.tlog\rc.write.1.tlog
