e:\codelearn\qt learn\712qt cloudpointview\ki win32 pcl1.8tcp udp\ki\release\vc120.pdb
e:\codelearn\qt learn\712qt cloudpointview\ki win32 pcl1.8tcp udp\ki\release\workthread.obj
e:\codelearn\qt learn\712qt cloudpointview\ki win32 pcl1.8tcp udp\ki\release\pclfunc.obj
e:\codelearn\qt learn\712qt cloudpointview\ki win32 pcl1.8tcp udp\ki\release\main.obj
e:\codelearn\qt learn\712qt cloudpointview\ki win32 pcl1.8tcp udp\ki\release\ki.obj
e:\codelearn\qt learn\712qt cloudpointview\ki win32 pcl1.8tcp udp\ki\release\moc_workthread.obj
e:\codelearn\qt learn\712qt cloudpointview\ki win32 pcl1.8tcp udp\ki\release\moc_ki.obj
e:\codelearn\qt learn\712qt cloudpointview\ki win32 pcl1.8tcp udp\ki\release\moc_datadealfunc.obj
e:\codelearn\qt learn\712qt cloudpointview\ki win32 pcl1.8tcp udp\ki\release\datadealfunc.obj
e:\codelearn\qt learn\712qt cloudpointview\ki win32 pcl1.8tcp udp\ki\release\qrc_ki.obj
e:\codelearn\qt learn\712qt cloudpointview\ki win32 pcl1.8tcp udp\ki\generatedfiles\ui_ki.h
e:\codelearn\qt learn\712qt cloudpointview\ki win32 pcl1.8tcp udp\ki\generatedfiles\release\moc_datadealfunc.cpp
e:\codelearn\qt learn\712qt cloudpointview\ki win32 pcl1.8tcp udp\ki\generatedfiles\qrc_ki.cpp
e:\codelearn\qt learn\712qt cloudpointview\ki win32 pcl1.8tcp udp\ki\generatedfiles\release\moc_workthread.cpp
e:\codelearn\qt learn\712qt cloudpointview\ki win32 pcl1.8tcp udp\ki\generatedfiles\release\moc_ki.cpp
e:\codelearn\qt learn\712qt cloudpointview\ki win32 pcl1.8tcp udp\win32\release\万集laser(712c)_v1.0.ilk
e:\codelearn\qt learn\712qt cloudpointview\ki win32 pcl1.8tcp udp\win32\release\万集laser(712c)_v1.0.exe
e:\codelearn\qt learn\712qt cloudpointview\ki win32 pcl1.8tcp udp\win32\release\万集laser(712c)_v1.0.pdb
e:\codelearn\qt learn\712qt cloudpointview\ki win32 pcl1.8tcp udp\ki\release\myapp.res
e:\codelearn\qt learn\712qt cloudpointview\ki win32 pcl1.8tcp udp\ki\release\万集laser(.b12702ad.tlog\cl.command.1.tlog
e:\codelearn\qt learn\712qt cloudpointview\ki win32 pcl1.8tcp udp\ki\release\万集laser(.b12702ad.tlog\cl.read.1.tlog
e:\codelearn\qt learn\712qt cloudpointview\ki win32 pcl1.8tcp udp\ki\release\万集laser(.b12702ad.tlog\cl.write.1.tlog
e:\codelearn\qt learn\712qt cloudpointview\ki win32 pcl1.8tcp udp\ki\release\万集laser(.b12702ad.tlog\custombuild.command.1.tlog
e:\codelearn\qt learn\712qt cloudpointview\ki win32 pcl1.8tcp udp\ki\release\万集laser(.b12702ad.tlog\custombuild.read.1.tlog
e:\codelearn\qt learn\712qt cloudpointview\ki win32 pcl1.8tcp udp\ki\release\万集laser(.b12702ad.tlog\custombuild.write.1.tlog
e:\codelearn\qt learn\712qt cloudpointview\ki win32 pcl1.8tcp udp\ki\release\万集laser(.b12702ad.tlog\link.command.1.tlog
e:\codelearn\qt learn\712qt cloudpointview\ki win32 pcl1.8tcp udp\ki\release\万集laser(.b12702ad.tlog\link.read.1.tlog
e:\codelearn\qt learn\712qt cloudpointview\ki win32 pcl1.8tcp udp\ki\release\万集laser(.b12702ad.tlog\link.write.1.tlog
e:\codelearn\qt learn\712qt cloudpointview\ki win32 pcl1.8tcp udp\ki\release\万集laser(.b12702ad.tlog\rc.command.1.tlog
e:\codelearn\qt learn\712qt cloudpointview\ki win32 pcl1.8tcp udp\ki\release\万集laser(.b12702ad.tlog\rc.read.1.tlog
e:\codelearn\qt learn\712qt cloudpointview\ki win32 pcl1.8tcp udp\ki\release\万集laser(.b12702ad.tlog\rc.write.1.tlog
